<?xml version="1.0" encoding="UTF-8"?>
<!-- Generated by org.testng.reporters.JUnitXMLReporter -->
<testsuite hostname="DESKTOP-E32EPOV" name="Test" tests="9" failures="6" timestamp="26 Apr 2020 14:21:02 GMT" time="82.096" errors="0">
  <testcase name="openapp7" time="7.596" classname="Test1.Test3"/>
  <testcase name="openapp8" time="6.016" classname="Test1.Test3"/>
  <testcase name="openapp9" time="14.125" classname="Test1.Test3">
    <failure type="org.openqa.selenium.SessionNotCreatedException" message="session not created
from chrome not reachable
  (Session info: chrome=81.0.4044.122)
Build info: version: &amp;apos;3.9.1&amp;apos;, revision: &amp;apos;63f7b50&amp;apos;, time: &amp;apos;2018-02-07T22:25:02.294Z&amp;apos;
System info: host: &amp;apos;DESKTOP-E32EPOV&amp;apos;, ip: &amp;apos;192.168.0.61&amp;apos;, os.name: &amp;apos;Windows 10&amp;apos;, os.arch: &amp;apos;amd64&amp;apos;, os.version: &amp;apos;10.0&amp;apos;, java.version: &amp;apos;1.8.0_151&amp;apos;
Driver info: driver.version: ChromeDriver
remote stacktrace: Backtrace:
	Ordinal0 [0x00B75F73+2449267]
	Ordinal0 [0x00AA8361+1606497]
	Ordinal0 [0x0099F812+522258]
	Ordinal0 [0x009995B2+497074]
	Ordinal0 [0x00999C9B+498843]
	Ordinal0 [0x0099ABF5+502773]
	Ordinal0 [0x00996724+485156]
	Ordinal0 [0x009A0600+525824]
	Ordinal0 [0x0094CBB9+183225]
	Ordinal0 [0x0094BF2D+180013]
	Ordinal0 [0x00949E5B+171611]
	Ordinal0 [0x00931DD8+73176]
	Ordinal0 [0x00932E50+77392]
	Ordinal0 [0x00932DE9+77289]
	Ordinal0 [0x00ABD8D7+1693911]
	GetHandleVerifier [0x00C14036+522726]
	GetHandleVerifier [0x00C13D74+522020]
	GetHandleVerifier [0x00C29187+609079]
	GetHandleVerifier [0x00C148A6+524886]
	Ordinal0 [0x00AB5CBC+1662140]
	Ordinal0 [0x00ABF23B+1700411]
	Ordinal0 [0x00ABF3A3+1700771]
	Ordinal0 [0x00AD5215+1790485]
	BaseThreadInitThunk [0x75046359+25]
	RtlGetAppContainerNamedObjectPath [0x77107C14+228]
	RtlGetAppContainerNamedObjectPath [0x77107BE4+180]
">
      <![CDATA[org.openqa.selenium.SessionNotCreatedException: session not created
from chrome not reachable
  (Session info: chrome=81.0.4044.122)
Build info: version: '3.9.1', revision: '63f7b50', time: '2018-02-07T22:25:02.294Z'
System info: host: 'DESKTOP-E32EPOV', ip: '192.168.0.61', os.name: 'Windows 10', os.arch: 'amd64', os.version: '10.0', java.version: '1.8.0_151'
Driver info: driver.version: ChromeDriver
remote stacktrace: Backtrace:
	Ordinal0 [0x00B75F73+2449267]
	Ordinal0 [0x00AA8361+1606497]
	Ordinal0 [0x0099F812+522258]
	Ordinal0 [0x009995B2+497074]
	Ordinal0 [0x00999C9B+498843]
	Ordinal0 [0x0099ABF5+502773]
	Ordinal0 [0x00996724+485156]
	Ordinal0 [0x009A0600+525824]
	Ordinal0 [0x0094CBB9+183225]
	Ordinal0 [0x0094BF2D+180013]
	Ordinal0 [0x00949E5B+171611]
	Ordinal0 [0x00931DD8+73176]
	Ordinal0 [0x00932E50+77392]
	Ordinal0 [0x00932DE9+77289]
	Ordinal0 [0x00ABD8D7+1693911]
	GetHandleVerifier [0x00C14036+522726]
	GetHandleVerifier [0x00C13D74+522020]
	GetHandleVerifier [0x00C29187+609079]
	GetHandleVerifier [0x00C148A6+524886]
	Ordinal0 [0x00AB5CBC+1662140]
	Ordinal0 [0x00ABF23B+1700411]
	Ordinal0 [0x00ABF3A3+1700771]
	Ordinal0 [0x00AD5215+1790485]
	BaseThreadInitThunk [0x75046359+25]
	RtlGetAppContainerNamedObjectPath [0x77107C14+228]
	RtlGetAppContainerNamedObjectPath [0x77107BE4+180]

	at org.openqa.selenium.remote.W3CHandshakeResponse.lambda$new$0(W3CHandshakeResponse.java:57)
	at org.openqa.selenium.remote.W3CHandshakeResponse.lambda$getResponseFunction$2(W3CHandshakeResponse.java:104)
	at org.openqa.selenium.remote.ProtocolHandshake.lambda$createSession$0(ProtocolHandshake.java:123)
	at java.util.stream.ReferencePipeline$3$1.accept(Unknown Source)
	at java.util.Spliterators$ArraySpliterator.tryAdvance(Unknown Source)
	at java.util.stream.ReferencePipeline.forEachWithCancel(Unknown Source)
	at java.util.stream.AbstractPipeline.copyIntoWithCancel(Unknown Source)
	at java.util.stream.AbstractPipeline.copyInto(Unknown Source)
	at java.util.stream.AbstractPipeline.wrapAndCopyInto(Unknown Source)
	at java.util.stream.FindOps$FindOp.evaluateSequential(Unknown Source)
	at java.util.stream.AbstractPipeline.evaluate(Unknown Source)
	at java.util.stream.ReferencePipeline.findFirst(Unknown Source)
	at org.openqa.selenium.remote.ProtocolHandshake.createSession(ProtocolHandshake.java:126)
	at org.openqa.selenium.remote.ProtocolHandshake.createSession(ProtocolHandshake.java:73)
	at org.openqa.selenium.remote.HttpCommandExecutor.execute(HttpCommandExecutor.java:138)
	at org.openqa.selenium.remote.service.DriverCommandExecutor.execute(DriverCommandExecutor.java:83)
	at org.openqa.selenium.remote.RemoteWebDriver.execute(RemoteWebDriver.java:601)
	at org.openqa.selenium.remote.RemoteWebDriver.startSession(RemoteWebDriver.java:219)
	at org.openqa.selenium.remote.RemoteWebDriver.<init>(RemoteWebDriver.java:142)
	at org.openqa.selenium.chrome.ChromeDriver.<init>(ChromeDriver.java:181)
	at org.openqa.selenium.chrome.ChromeDriver.<init>(ChromeDriver.java:168)
	at org.openqa.selenium.chrome.ChromeDriver.<init>(ChromeDriver.java:123)
	at Test1.Test3.openapp9(Test3.java:30)
... Removed 28 stack frames]]>
    </failure>
  </testcase> <!-- openapp9 -->
  <testcase name="openapp1" time="5.574" classname="Test1.Test1"/>
  <testcase name="openapp2" time="13.77" classname="Test1.Test1">
    <failure type="org.openqa.selenium.SessionNotCreatedException" message="session not created
from chrome not reachable
  (Session info: chrome=81.0.4044.122)
Build info: version: &amp;apos;3.9.1&amp;apos;, revision: &amp;apos;63f7b50&amp;apos;, time: &amp;apos;2018-02-07T22:25:02.294Z&amp;apos;
System info: host: &amp;apos;DESKTOP-E32EPOV&amp;apos;, ip: &amp;apos;192.168.0.61&amp;apos;, os.name: &amp;apos;Windows 10&amp;apos;, os.arch: &amp;apos;amd64&amp;apos;, os.version: &amp;apos;10.0&amp;apos;, java.version: &amp;apos;1.8.0_151&amp;apos;
Driver info: driver.version: ChromeDriver
remote stacktrace: Backtrace:
	Ordinal0 [0x00B75F73+2449267]
	Ordinal0 [0x00AA8361+1606497]
	Ordinal0 [0x0099F812+522258]
	Ordinal0 [0x009995B2+497074]
	Ordinal0 [0x00999C9B+498843]
	Ordinal0 [0x0099ABF5+502773]
	Ordinal0 [0x00996724+485156]
	Ordinal0 [0x009A0600+525824]
	Ordinal0 [0x0094CBB9+183225]
	Ordinal0 [0x0094BF2D+180013]
	Ordinal0 [0x00949E5B+171611]
	Ordinal0 [0x00931DD8+73176]
	Ordinal0 [0x00932E50+77392]
	Ordinal0 [0x00932DE9+77289]
	Ordinal0 [0x00ABD8D7+1693911]
	GetHandleVerifier [0x00C14036+522726]
	GetHandleVerifier [0x00C13D74+522020]
	GetHandleVerifier [0x00C29187+609079]
	GetHandleVerifier [0x00C148A6+524886]
	Ordinal0 [0x00AB5CBC+1662140]
	Ordinal0 [0x00ABF23B+1700411]
	Ordinal0 [0x00ABF3A3+1700771]
	Ordinal0 [0x00AD5215+1790485]
	BaseThreadInitThunk [0x75046359+25]
	RtlGetAppContainerNamedObjectPath [0x77107C14+228]
	RtlGetAppContainerNamedObjectPath [0x77107BE4+180]
">
      <![CDATA[org.openqa.selenium.SessionNotCreatedException: session not created
from chrome not reachable
  (Session info: chrome=81.0.4044.122)
Build info: version: '3.9.1', revision: '63f7b50', time: '2018-02-07T22:25:02.294Z'
System info: host: 'DESKTOP-E32EPOV', ip: '192.168.0.61', os.name: 'Windows 10', os.arch: 'amd64', os.version: '10.0', java.version: '1.8.0_151'
Driver info: driver.version: ChromeDriver
remote stacktrace: Backtrace:
	Ordinal0 [0x00B75F73+2449267]
	Ordinal0 [0x00AA8361+1606497]
	Ordinal0 [0x0099F812+522258]
	Ordinal0 [0x009995B2+497074]
	Ordinal0 [0x00999C9B+498843]
	Ordinal0 [0x0099ABF5+502773]
	Ordinal0 [0x00996724+485156]
	Ordinal0 [0x009A0600+525824]
	Ordinal0 [0x0094CBB9+183225]
	Ordinal0 [0x0094BF2D+180013]
	Ordinal0 [0x00949E5B+171611]
	Ordinal0 [0x00931DD8+73176]
	Ordinal0 [0x00932E50+77392]
	Ordinal0 [0x00932DE9+77289]
	Ordinal0 [0x00ABD8D7+1693911]
	GetHandleVerifier [0x00C14036+522726]
	GetHandleVerifier [0x00C13D74+522020]
	GetHandleVerifier [0x00C29187+609079]
	GetHandleVerifier [0x00C148A6+524886]
	Ordinal0 [0x00AB5CBC+1662140]
	Ordinal0 [0x00ABF23B+1700411]
	Ordinal0 [0x00ABF3A3+1700771]
	Ordinal0 [0x00AD5215+1790485]
	BaseThreadInitThunk [0x75046359+25]
	RtlGetAppContainerNamedObjectPath [0x77107C14+228]
	RtlGetAppContainerNamedObjectPath [0x77107BE4+180]

	at org.openqa.selenium.remote.W3CHandshakeResponse.lambda$new$0(W3CHandshakeResponse.java:57)
	at org.openqa.selenium.remote.W3CHandshakeResponse.lambda$getResponseFunction$2(W3CHandshakeResponse.java:104)
	at org.openqa.selenium.remote.ProtocolHandshake.lambda$createSession$0(ProtocolHandshake.java:123)
	at java.util.stream.ReferencePipeline$3$1.accept(Unknown Source)
	at java.util.Spliterators$ArraySpliterator.tryAdvance(Unknown Source)
	at java.util.stream.ReferencePipeline.forEachWithCancel(Unknown Source)
	at java.util.stream.AbstractPipeline.copyIntoWithCancel(Unknown Source)
	at java.util.stream.AbstractPipeline.copyInto(Unknown Source)
	at java.util.stream.AbstractPipeline.wrapAndCopyInto(Unknown Source)
	at java.util.stream.FindOps$FindOp.evaluateSequential(Unknown Source)
	at java.util.stream.AbstractPipeline.evaluate(Unknown Source)
	at java.util.stream.ReferencePipeline.findFirst(Unknown Source)
	at org.openqa.selenium.remote.ProtocolHandshake.createSession(ProtocolHandshake.java:126)
	at org.openqa.selenium.remote.ProtocolHandshake.createSession(ProtocolHandshake.java:73)
	at org.openqa.selenium.remote.HttpCommandExecutor.execute(HttpCommandExecutor.java:138)
	at org.openqa.selenium.remote.service.DriverCommandExecutor.execute(DriverCommandExecutor.java:83)
	at org.openqa.selenium.remote.RemoteWebDriver.execute(RemoteWebDriver.java:601)
	at org.openqa.selenium.remote.RemoteWebDriver.startSession(RemoteWebDriver.java:219)
	at org.openqa.selenium.remote.RemoteWebDriver.<init>(RemoteWebDriver.java:142)
	at org.openqa.selenium.chrome.ChromeDriver.<init>(ChromeDriver.java:181)
	at org.openqa.selenium.chrome.ChromeDriver.<init>(ChromeDriver.java:168)
	at org.openqa.selenium.chrome.ChromeDriver.<init>(ChromeDriver.java:123)
	at Test1.Test1.openapp2(Test1.java:26)
... Removed 28 stack frames]]>
    </failure>
  </testcase> <!-- openapp2 -->
  <testcase name="openapp3" time="3.953" classname="Test1.Test1">
    <failure type="org.openqa.selenium.SessionNotCreatedException" message="session not created
from no such window: window was already closed
  (Session info: chrome=81.0.4044.122)
Build info: version: &amp;apos;3.9.1&amp;apos;, revision: &amp;apos;63f7b50&amp;apos;, time: &amp;apos;2018-02-07T22:25:02.294Z&amp;apos;
System info: host: &amp;apos;DESKTOP-E32EPOV&amp;apos;, ip: &amp;apos;192.168.0.61&amp;apos;, os.name: &amp;apos;Windows 10&amp;apos;, os.arch: &amp;apos;amd64&amp;apos;, os.version: &amp;apos;10.0&amp;apos;, java.version: &amp;apos;1.8.0_151&amp;apos;
Driver info: driver.version: ChromeDriver
remote stacktrace: Backtrace:
	Ordinal0 [0x00B75F73+2449267]
	Ordinal0 [0x00AA8361+1606497]
	Ordinal0 [0x0099F969+522601]
	Ordinal0 [0x0099A151+500049]
	Ordinal0 [0x0099ABF5+502773]
	Ordinal0 [0x00996724+485156]
	Ordinal0 [0x009A0600+525824]
	Ordinal0 [0x0094CBB9+183225]
	Ordinal0 [0x0094BF2D+180013]
	Ordinal0 [0x00949E5B+171611]
	Ordinal0 [0x00931DD8+73176]
	Ordinal0 [0x00932E50+77392]
	Ordinal0 [0x00932DE9+77289]
	Ordinal0 [0x00ABD8D7+1693911]
	GetHandleVerifier [0x00C14036+522726]
	GetHandleVerifier [0x00C13D74+522020]
	GetHandleVerifier [0x00C29187+609079]
	GetHandleVerifier [0x00C148A6+524886]
	Ordinal0 [0x00AB5CBC+1662140]
	Ordinal0 [0x00ABF23B+1700411]
	Ordinal0 [0x00ABF3A3+1700771]
	Ordinal0 [0x00AD5215+1790485]
	BaseThreadInitThunk [0x75046359+25]
	RtlGetAppContainerNamedObjectPath [0x77107C14+228]
	RtlGetAppContainerNamedObjectPath [0x77107BE4+180]
">
      <![CDATA[org.openqa.selenium.SessionNotCreatedException: session not created
from no such window: window was already closed
  (Session info: chrome=81.0.4044.122)
Build info: version: '3.9.1', revision: '63f7b50', time: '2018-02-07T22:25:02.294Z'
System info: host: 'DESKTOP-E32EPOV', ip: '192.168.0.61', os.name: 'Windows 10', os.arch: 'amd64', os.version: '10.0', java.version: '1.8.0_151'
Driver info: driver.version: ChromeDriver
remote stacktrace: Backtrace:
	Ordinal0 [0x00B75F73+2449267]
	Ordinal0 [0x00AA8361+1606497]
	Ordinal0 [0x0099F969+522601]
	Ordinal0 [0x0099A151+500049]
	Ordinal0 [0x0099ABF5+502773]
	Ordinal0 [0x00996724+485156]
	Ordinal0 [0x009A0600+525824]
	Ordinal0 [0x0094CBB9+183225]
	Ordinal0 [0x0094BF2D+180013]
	Ordinal0 [0x00949E5B+171611]
	Ordinal0 [0x00931DD8+73176]
	Ordinal0 [0x00932E50+77392]
	Ordinal0 [0x00932DE9+77289]
	Ordinal0 [0x00ABD8D7+1693911]
	GetHandleVerifier [0x00C14036+522726]
	GetHandleVerifier [0x00C13D74+522020]
	GetHandleVerifier [0x00C29187+609079]
	GetHandleVerifier [0x00C148A6+524886]
	Ordinal0 [0x00AB5CBC+1662140]
	Ordinal0 [0x00ABF23B+1700411]
	Ordinal0 [0x00ABF3A3+1700771]
	Ordinal0 [0x00AD5215+1790485]
	BaseThreadInitThunk [0x75046359+25]
	RtlGetAppContainerNamedObjectPath [0x77107C14+228]
	RtlGetAppContainerNamedObjectPath [0x77107BE4+180]

	at org.openqa.selenium.remote.W3CHandshakeResponse.lambda$new$0(W3CHandshakeResponse.java:57)
	at org.openqa.selenium.remote.W3CHandshakeResponse.lambda$getResponseFunction$2(W3CHandshakeResponse.java:104)
	at org.openqa.selenium.remote.ProtocolHandshake.lambda$createSession$0(ProtocolHandshake.java:123)
	at java.util.stream.ReferencePipeline$3$1.accept(Unknown Source)
	at java.util.Spliterators$ArraySpliterator.tryAdvance(Unknown Source)
	at java.util.stream.ReferencePipeline.forEachWithCancel(Unknown Source)
	at java.util.stream.AbstractPipeline.copyIntoWithCancel(Unknown Source)
	at java.util.stream.AbstractPipeline.copyInto(Unknown Source)
	at java.util.stream.AbstractPipeline.wrapAndCopyInto(Unknown Source)
	at java.util.stream.FindOps$FindOp.evaluateSequential(Unknown Source)
	at java.util.stream.AbstractPipeline.evaluate(Unknown Source)
	at java.util.stream.ReferencePipeline.findFirst(Unknown Source)
	at org.openqa.selenium.remote.ProtocolHandshake.createSession(ProtocolHandshake.java:126)
	at org.openqa.selenium.remote.ProtocolHandshake.createSession(ProtocolHandshake.java:73)
	at org.openqa.selenium.remote.HttpCommandExecutor.execute(HttpCommandExecutor.java:138)
	at org.openqa.selenium.remote.service.DriverCommandExecutor.execute(DriverCommandExecutor.java:83)
	at org.openqa.selenium.remote.RemoteWebDriver.execute(RemoteWebDriver.java:601)
	at org.openqa.selenium.remote.RemoteWebDriver.startSession(RemoteWebDriver.java:219)
	at org.openqa.selenium.remote.RemoteWebDriver.<init>(RemoteWebDriver.java:142)
	at org.openqa.selenium.chrome.ChromeDriver.<init>(ChromeDriver.java:181)
	at org.openqa.selenium.chrome.ChromeDriver.<init>(ChromeDriver.java:168)
	at org.openqa.selenium.chrome.ChromeDriver.<init>(ChromeDriver.java:123)
	at Test1.Test1.openapp3(Test1.java:35)
... Removed 28 stack frames]]>
    </failure>
  </testcase> <!-- openapp3 -->
  <testcase name="openapp4" time="13.587" classname="Test1.Test2">
    <failure type="org.openqa.selenium.SessionNotCreatedException" message="session not created
from chrome not reachable
  (Session info: chrome=81.0.4044.122)
Build info: version: &amp;apos;3.9.1&amp;apos;, revision: &amp;apos;63f7b50&amp;apos;, time: &amp;apos;2018-02-07T22:25:02.294Z&amp;apos;
System info: host: &amp;apos;DESKTOP-E32EPOV&amp;apos;, ip: &amp;apos;192.168.0.61&amp;apos;, os.name: &amp;apos;Windows 10&amp;apos;, os.arch: &amp;apos;amd64&amp;apos;, os.version: &amp;apos;10.0&amp;apos;, java.version: &amp;apos;1.8.0_151&amp;apos;
Driver info: driver.version: ChromeDriver
remote stacktrace: Backtrace:
	Ordinal0 [0x00B75F73+2449267]
	Ordinal0 [0x00AA8361+1606497]
	Ordinal0 [0x0099F812+522258]
	Ordinal0 [0x009995B2+497074]
	Ordinal0 [0x00999C9B+498843]
	Ordinal0 [0x0099ABF5+502773]
	Ordinal0 [0x00996724+485156]
	Ordinal0 [0x009A0600+525824]
	Ordinal0 [0x0094CBB9+183225]
	Ordinal0 [0x0094BF2D+180013]
	Ordinal0 [0x00949E5B+171611]
	Ordinal0 [0x00931DD8+73176]
	Ordinal0 [0x00932E50+77392]
	Ordinal0 [0x00932DE9+77289]
	Ordinal0 [0x00ABD8D7+1693911]
	GetHandleVerifier [0x00C14036+522726]
	GetHandleVerifier [0x00C13D74+522020]
	GetHandleVerifier [0x00C29187+609079]
	GetHandleVerifier [0x00C148A6+524886]
	Ordinal0 [0x00AB5CBC+1662140]
	Ordinal0 [0x00ABF23B+1700411]
	Ordinal0 [0x00ABF3A3+1700771]
	Ordinal0 [0x00AD5215+1790485]
	BaseThreadInitThunk [0x75046359+25]
	RtlGetAppContainerNamedObjectPath [0x77107C14+228]
	RtlGetAppContainerNamedObjectPath [0x77107BE4+180]
">
      <![CDATA[org.openqa.selenium.SessionNotCreatedException: session not created
from chrome not reachable
  (Session info: chrome=81.0.4044.122)
Build info: version: '3.9.1', revision: '63f7b50', time: '2018-02-07T22:25:02.294Z'
System info: host: 'DESKTOP-E32EPOV', ip: '192.168.0.61', os.name: 'Windows 10', os.arch: 'amd64', os.version: '10.0', java.version: '1.8.0_151'
Driver info: driver.version: ChromeDriver
remote stacktrace: Backtrace:
	Ordinal0 [0x00B75F73+2449267]
	Ordinal0 [0x00AA8361+1606497]
	Ordinal0 [0x0099F812+522258]
	Ordinal0 [0x009995B2+497074]
	Ordinal0 [0x00999C9B+498843]
	Ordinal0 [0x0099ABF5+502773]
	Ordinal0 [0x00996724+485156]
	Ordinal0 [0x009A0600+525824]
	Ordinal0 [0x0094CBB9+183225]
	Ordinal0 [0x0094BF2D+180013]
	Ordinal0 [0x00949E5B+171611]
	Ordinal0 [0x00931DD8+73176]
	Ordinal0 [0x00932E50+77392]
	Ordinal0 [0x00932DE9+77289]
	Ordinal0 [0x00ABD8D7+1693911]
	GetHandleVerifier [0x00C14036+522726]
	GetHandleVerifier [0x00C13D74+522020]
	GetHandleVerifier [0x00C29187+609079]
	GetHandleVerifier [0x00C148A6+524886]
	Ordinal0 [0x00AB5CBC+1662140]
	Ordinal0 [0x00ABF23B+1700411]
	Ordinal0 [0x00ABF3A3+1700771]
	Ordinal0 [0x00AD5215+1790485]
	BaseThreadInitThunk [0x75046359+25]
	RtlGetAppContainerNamedObjectPath [0x77107C14+228]
	RtlGetAppContainerNamedObjectPath [0x77107BE4+180]

	at org.openqa.selenium.remote.W3CHandshakeResponse.lambda$new$0(W3CHandshakeResponse.java:57)
	at org.openqa.selenium.remote.W3CHandshakeResponse.lambda$getResponseFunction$2(W3CHandshakeResponse.java:104)
	at org.openqa.selenium.remote.ProtocolHandshake.lambda$createSession$0(ProtocolHandshake.java:123)
	at java.util.stream.ReferencePipeline$3$1.accept(Unknown Source)
	at java.util.Spliterators$ArraySpliterator.tryAdvance(Unknown Source)
	at java.util.stream.ReferencePipeline.forEachWithCancel(Unknown Source)
	at java.util.stream.AbstractPipeline.copyIntoWithCancel(Unknown Source)
	at java.util.stream.AbstractPipeline.copyInto(Unknown Source)
	at java.util.stream.AbstractPipeline.wrapAndCopyInto(Unknown Source)
	at java.util.stream.FindOps$FindOp.evaluateSequential(Unknown Source)
	at java.util.stream.AbstractPipeline.evaluate(Unknown Source)
	at java.util.stream.ReferencePipeline.findFirst(Unknown Source)
	at org.openqa.selenium.remote.ProtocolHandshake.createSession(ProtocolHandshake.java:126)
	at org.openqa.selenium.remote.ProtocolHandshake.createSession(ProtocolHandshake.java:73)
	at org.openqa.selenium.remote.HttpCommandExecutor.execute(HttpCommandExecutor.java:138)
	at org.openqa.selenium.remote.service.DriverCommandExecutor.execute(DriverCommandExecutor.java:83)
	at org.openqa.selenium.remote.RemoteWebDriver.execute(RemoteWebDriver.java:601)
	at org.openqa.selenium.remote.RemoteWebDriver.startSession(RemoteWebDriver.java:219)
	at org.openqa.selenium.remote.RemoteWebDriver.<init>(RemoteWebDriver.java:142)
	at org.openqa.selenium.chrome.ChromeDriver.<init>(ChromeDriver.java:181)
	at org.openqa.selenium.chrome.ChromeDriver.<init>(ChromeDriver.java:168)
	at org.openqa.selenium.chrome.ChromeDriver.<init>(ChromeDriver.java:123)
	at Test1.Test2.openapp4(Test2.java:18)
... Removed 28 stack frames]]>
    </failure>
  </testcase> <!-- openapp4 -->
  <testcase name="openapp5" time="3.732" classname="Test1.Test2">
    <failure type="org.openqa.selenium.WebDriverException" message="unknown error: cannot determine loading status
from disconnected: received Inspector.detached event
  (Session info: chrome=81.0.4044.122)
Build info: version: &amp;apos;3.9.1&amp;apos;, revision: &amp;apos;63f7b50&amp;apos;, time: &amp;apos;2018-02-07T22:25:02.294Z&amp;apos;
System info: host: &amp;apos;DESKTOP-E32EPOV&amp;apos;, ip: &amp;apos;192.168.0.61&amp;apos;, os.name: &amp;apos;Windows 10&amp;apos;, os.arch: &amp;apos;amd64&amp;apos;, os.version: &amp;apos;10.0&amp;apos;, java.version: &amp;apos;1.8.0_151&amp;apos;
Driver info: org.openqa.selenium.chrome.ChromeDriver
Capabilities {acceptInsecureCerts: false, browserName: chrome, browserVersion: 81.0.4044.122, chrome: {chromedriverVersion: 81.0.4044.69 (6813546031a4b..., userDataDir: C:\Users\User\AppData\Local...}, goog:chromeOptions: {debuggerAddress: localhost:49874}, javascriptEnabled: true, networkConnectionEnabled: false, pageLoadStrategy: normal, platform: WINDOWS, platformName: WINDOWS, proxy: Proxy(), setWindowRect: true, strictFileInteractability: false, timeouts: {implicit: 0, pageLoad: 300000, script: 30000}, unhandledPromptBehavior: dismiss and notify, webauthn:virtualAuthenticators: true}
Session ID: 1f26bd7704609cc670ac51b21aa8ec1d">
      <![CDATA[org.openqa.selenium.WebDriverException: unknown error: cannot determine loading status
from disconnected: received Inspector.detached event
  (Session info: chrome=81.0.4044.122)
Build info: version: '3.9.1', revision: '63f7b50', time: '2018-02-07T22:25:02.294Z'
System info: host: 'DESKTOP-E32EPOV', ip: '192.168.0.61', os.name: 'Windows 10', os.arch: 'amd64', os.version: '10.0', java.version: '1.8.0_151'
Driver info: org.openqa.selenium.chrome.ChromeDriver
Capabilities {acceptInsecureCerts: false, browserName: chrome, browserVersion: 81.0.4044.122, chrome: {chromedriverVersion: 81.0.4044.69 (6813546031a4b..., userDataDir: C:\Users\User\AppData\Local...}, goog:chromeOptions: {debuggerAddress: localhost:49874}, javascriptEnabled: true, networkConnectionEnabled: false, pageLoadStrategy: normal, platform: WINDOWS, platformName: WINDOWS, proxy: Proxy(), setWindowRect: true, strictFileInteractability: false, timeouts: {implicit: 0, pageLoad: 300000, script: 30000}, unhandledPromptBehavior: dismiss and notify, webauthn:virtualAuthenticators: true}
Session ID: 1f26bd7704609cc670ac51b21aa8ec1d
	at org.openqa.selenium.remote.http.W3CHttpResponseCodec.createException(W3CHttpResponseCodec.java:187)
	at org.openqa.selenium.remote.http.W3CHttpResponseCodec.decode(W3CHttpResponseCodec.java:122)
	at org.openqa.selenium.remote.http.W3CHttpResponseCodec.decode(W3CHttpResponseCodec.java:49)
	at org.openqa.selenium.remote.HttpCommandExecutor.execute(HttpCommandExecutor.java:160)
	at org.openqa.selenium.remote.service.DriverCommandExecutor.execute(DriverCommandExecutor.java:83)
	at org.openqa.selenium.remote.RemoteWebDriver.execute(RemoteWebDriver.java:601)
	at org.openqa.selenium.remote.RemoteWebDriver.get(RemoteWebDriver.java:325)
	at Test1.Test2.openapp5(Test2.java:29)
... Removed 28 stack frames]]>
    </failure>
  </testcase> <!-- openapp5 -->
  <testcase name="openapp6" time="13.679" classname="Test1.Test2">
    <failure type="org.openqa.selenium.SessionNotCreatedException" message="session not created
from chrome not reachable
  (Session info: chrome=81.0.4044.122)
Build info: version: &amp;apos;3.9.1&amp;apos;, revision: &amp;apos;63f7b50&amp;apos;, time: &amp;apos;2018-02-07T22:25:02.294Z&amp;apos;
System info: host: &amp;apos;DESKTOP-E32EPOV&amp;apos;, ip: &amp;apos;192.168.0.61&amp;apos;, os.name: &amp;apos;Windows 10&amp;apos;, os.arch: &amp;apos;amd64&amp;apos;, os.version: &amp;apos;10.0&amp;apos;, java.version: &amp;apos;1.8.0_151&amp;apos;
Driver info: driver.version: ChromeDriver
remote stacktrace: Backtrace:
	Ordinal0 [0x00B75F73+2449267]
	Ordinal0 [0x00AA8361+1606497]
	Ordinal0 [0x0099F812+522258]
	Ordinal0 [0x009995B2+497074]
	Ordinal0 [0x00999C9B+498843]
	Ordinal0 [0x0099ABF5+502773]
	Ordinal0 [0x00996724+485156]
	Ordinal0 [0x009A0600+525824]
	Ordinal0 [0x0094CBB9+183225]
	Ordinal0 [0x0094BF2D+180013]
	Ordinal0 [0x00949E5B+171611]
	Ordinal0 [0x00931DD8+73176]
	Ordinal0 [0x00932E50+77392]
	Ordinal0 [0x00932DE9+77289]
	Ordinal0 [0x00ABD8D7+1693911]
	GetHandleVerifier [0x00C14036+522726]
	GetHandleVerifier [0x00C13D74+522020]
	GetHandleVerifier [0x00C29187+609079]
	GetHandleVerifier [0x00C148A6+524886]
	Ordinal0 [0x00AB5CBC+1662140]
	Ordinal0 [0x00ABF23B+1700411]
	Ordinal0 [0x00ABF3A3+1700771]
	Ordinal0 [0x00AD5215+1790485]
	BaseThreadInitThunk [0x75046359+25]
	RtlGetAppContainerNamedObjectPath [0x77107C14+228]
	RtlGetAppContainerNamedObjectPath [0x77107BE4+180]
">
      <![CDATA[org.openqa.selenium.SessionNotCreatedException: session not created
from chrome not reachable
  (Session info: chrome=81.0.4044.122)
Build info: version: '3.9.1', revision: '63f7b50', time: '2018-02-07T22:25:02.294Z'
System info: host: 'DESKTOP-E32EPOV', ip: '192.168.0.61', os.name: 'Windows 10', os.arch: 'amd64', os.version: '10.0', java.version: '1.8.0_151'
Driver info: driver.version: ChromeDriver
remote stacktrace: Backtrace:
	Ordinal0 [0x00B75F73+2449267]
	Ordinal0 [0x00AA8361+1606497]
	Ordinal0 [0x0099F812+522258]
	Ordinal0 [0x009995B2+497074]
	Ordinal0 [0x00999C9B+498843]
	Ordinal0 [0x0099ABF5+502773]
	Ordinal0 [0x00996724+485156]
	Ordinal0 [0x009A0600+525824]
	Ordinal0 [0x0094CBB9+183225]
	Ordinal0 [0x0094BF2D+180013]
	Ordinal0 [0x00949E5B+171611]
	Ordinal0 [0x00931DD8+73176]
	Ordinal0 [0x00932E50+77392]
	Ordinal0 [0x00932DE9+77289]
	Ordinal0 [0x00ABD8D7+1693911]
	GetHandleVerifier [0x00C14036+522726]
	GetHandleVerifier [0x00C13D74+522020]
	GetHandleVerifier [0x00C29187+609079]
	GetHandleVerifier [0x00C148A6+524886]
	Ordinal0 [0x00AB5CBC+1662140]
	Ordinal0 [0x00ABF23B+1700411]
	Ordinal0 [0x00ABF3A3+1700771]
	Ordinal0 [0x00AD5215+1790485]
	BaseThreadInitThunk [0x75046359+25]
	RtlGetAppContainerNamedObjectPath [0x77107C14+228]
	RtlGetAppContainerNamedObjectPath [0x77107BE4+180]

	at org.openqa.selenium.remote.W3CHandshakeResponse.lambda$new$0(W3CHandshakeResponse.java:57)
	at org.openqa.selenium.remote.W3CHandshakeResponse.lambda$getResponseFunction$2(W3CHandshakeResponse.java:104)
	at org.openqa.selenium.remote.ProtocolHandshake.lambda$createSession$0(ProtocolHandshake.java:123)
	at java.util.stream.ReferencePipeline$3$1.accept(Unknown Source)
	at java.util.Spliterators$ArraySpliterator.tryAdvance(Unknown Source)
	at java.util.stream.ReferencePipeline.forEachWithCancel(Unknown Source)
	at java.util.stream.AbstractPipeline.copyIntoWithCancel(Unknown Source)
	at java.util.stream.AbstractPipeline.copyInto(Unknown Source)
	at java.util.stream.AbstractPipeline.wrapAndCopyInto(Unknown Source)
	at java.util.stream.FindOps$FindOp.evaluateSequential(Unknown Source)
	at java.util.stream.AbstractPipeline.evaluate(Unknown Source)
	at java.util.stream.ReferencePipeline.findFirst(Unknown Source)
	at org.openqa.selenium.remote.ProtocolHandshake.createSession(ProtocolHandshake.java:126)
	at org.openqa.selenium.remote.ProtocolHandshake.createSession(ProtocolHandshake.java:73)
	at org.openqa.selenium.remote.HttpCommandExecutor.execute(HttpCommandExecutor.java:138)
	at org.openqa.selenium.remote.service.DriverCommandExecutor.execute(DriverCommandExecutor.java:83)
	at org.openqa.selenium.remote.RemoteWebDriver.execute(RemoteWebDriver.java:601)
	at org.openqa.selenium.remote.RemoteWebDriver.startSession(RemoteWebDriver.java:219)
	at org.openqa.selenium.remote.RemoteWebDriver.<init>(RemoteWebDriver.java:142)
	at org.openqa.selenium.chrome.ChromeDriver.<init>(ChromeDriver.java:181)
	at org.openqa.selenium.chrome.ChromeDriver.<init>(ChromeDriver.java:168)
	at org.openqa.selenium.chrome.ChromeDriver.<init>(ChromeDriver.java:123)
	at Test1.Test2.openapp6(Test2.java:37)
... Removed 28 stack frames]]>
    </failure>
  </testcase> <!-- openapp6 -->
</testsuite> <!-- Test -->
