<?xml version="1.0" encoding="UTF-8"?>
<testng-results skipped="0" failed="6" total="9" passed="3">
  <reporter-output>
  </reporter-output>
  <suite name="Suite" duration-ms="82096" started-at="2020-04-26T14:19:40Z" finished-at="2020-04-26T14:21:02Z">
    <groups>
    </groups>
    <test name="Test" duration-ms="82096" started-at="2020-04-26T14:19:40Z" finished-at="2020-04-26T14:21:02Z">
      <class name="Test1.Test3">
        <test-method status="PASS" signature="openapp7()[pri:0, instance:Test1.Test3@256216b3]" name="openapp7" duration-ms="7596" started-at="2020-04-26T16:19:40Z" finished-at="2020-04-26T16:19:47Z">
          <reporter-output>
          </reporter-output>
        </test-method> <!-- openapp7 -->
        <test-method status="PASS" signature="openapp8()[pri:0, instance:Test1.Test3@256216b3]" name="openapp8" duration-ms="6016" started-at="2020-04-26T16:19:47Z" finished-at="2020-04-26T16:19:53Z">
          <reporter-output>
          </reporter-output>
        </test-method> <!-- openapp8 -->
        <test-method status="FAIL" signature="openapp9()[pri:0, instance:Test1.Test3@256216b3]" name="openapp9" duration-ms="14125" started-at="2020-04-26T16:19:53Z" finished-at="2020-04-26T16:20:08Z">
          <exception class="org.openqa.selenium.SessionNotCreatedException">
            <message>
              <![CDATA[session not created
from chrome not reachable
  (Session info: chrome=81.0.4044.122)
Build info: version: '3.9.1', revision: '63f7b50', time: '2018-02-07T22:25:02.294Z'
System info: host: 'DESKTOP-E32EPOV', ip: '192.168.0.61', os.name: 'Windows 10', os.arch: 'amd64', os.version: '10.0', java.version: '1.8.0_151'
Driver info: driver.version: ChromeDriver
remote stacktrace: Backtrace:
	Ordinal0 [0x00B75F73+2449267]
	Ordinal0 [0x00AA8361+1606497]
	Ordinal0 [0x0099F812+522258]
	Ordinal0 [0x009995B2+497074]
	Ordinal0 [0x00999C9B+498843]
	Ordinal0 [0x0099ABF5+502773]
	Ordinal0 [0x00996724+485156]
	Ordinal0 [0x009A0600+525824]
	Ordinal0 [0x0094CBB9+183225]
	Ordinal0 [0x0094BF2D+180013]
	Ordinal0 [0x00949E5B+171611]
	Ordinal0 [0x00931DD8+73176]
	Ordinal0 [0x00932E50+77392]
	Ordinal0 [0x00932DE9+77289]
	Ordinal0 [0x00ABD8D7+1693911]
	GetHandleVerifier [0x00C14036+522726]
	GetHandleVerifier [0x00C13D74+522020]
	GetHandleVerifier [0x00C29187+609079]
	GetHandleVerifier [0x00C148A6+524886]
	Ordinal0 [0x00AB5CBC+1662140]
	Ordinal0 [0x00ABF23B+1700411]
	Ordinal0 [0x00ABF3A3+1700771]
	Ordinal0 [0x00AD5215+1790485]
	BaseThreadInitThunk [0x75046359+25]
	RtlGetAppContainerNamedObjectPath [0x77107C14+228]
	RtlGetAppContainerNamedObjectPath [0x77107BE4+180]
]]>
            </message>
            <full-stacktrace>
              <![CDATA[org.openqa.selenium.SessionNotCreatedException: session not created
from chrome not reachable
  (Session info: chrome=81.0.4044.122)
Build info: version: '3.9.1', revision: '63f7b50', time: '2018-02-07T22:25:02.294Z'
System info: host: 'DESKTOP-E32EPOV', ip: '192.168.0.61', os.name: 'Windows 10', os.arch: 'amd64', os.version: '10.0', java.version: '1.8.0_151'
Driver info: driver.version: ChromeDriver
remote stacktrace: Backtrace:
	Ordinal0 [0x00B75F73+2449267]
	Ordinal0 [0x00AA8361+1606497]
	Ordinal0 [0x0099F812+522258]
	Ordinal0 [0x009995B2+497074]
	Ordinal0 [0x00999C9B+498843]
	Ordinal0 [0x0099ABF5+502773]
	Ordinal0 [0x00996724+485156]
	Ordinal0 [0x009A0600+525824]
	Ordinal0 [0x0094CBB9+183225]
	Ordinal0 [0x0094BF2D+180013]
	Ordinal0 [0x00949E5B+171611]
	Ordinal0 [0x00931DD8+73176]
	Ordinal0 [0x00932E50+77392]
	Ordinal0 [0x00932DE9+77289]
	Ordinal0 [0x00ABD8D7+1693911]
	GetHandleVerifier [0x00C14036+522726]
	GetHandleVerifier [0x00C13D74+522020]
	GetHandleVerifier [0x00C29187+609079]
	GetHandleVerifier [0x00C148A6+524886]
	Ordinal0 [0x00AB5CBC+1662140]
	Ordinal0 [0x00ABF23B+1700411]
	Ordinal0 [0x00ABF3A3+1700771]
	Ordinal0 [0x00AD5215+1790485]
	BaseThreadInitThunk [0x75046359+25]
	RtlGetAppContainerNamedObjectPath [0x77107C14+228]
	RtlGetAppContainerNamedObjectPath [0x77107BE4+180]

	at sun.reflect.NativeConstructorAccessorImpl.newInstance0(Native Method)
	at sun.reflect.NativeConstructorAccessorImpl.newInstance(Unknown Source)
	at sun.reflect.DelegatingConstructorAccessorImpl.newInstance(Unknown Source)
	at java.lang.reflect.Constructor.newInstance(Unknown Source)
	at org.openqa.selenium.remote.W3CHandshakeResponse.lambda$new$0(W3CHandshakeResponse.java:57)
	at org.openqa.selenium.remote.W3CHandshakeResponse.lambda$getResponseFunction$2(W3CHandshakeResponse.java:104)
	at org.openqa.selenium.remote.ProtocolHandshake.lambda$createSession$0(ProtocolHandshake.java:123)
	at java.util.stream.ReferencePipeline$3$1.accept(Unknown Source)
	at java.util.Spliterators$ArraySpliterator.tryAdvance(Unknown Source)
	at java.util.stream.ReferencePipeline.forEachWithCancel(Unknown Source)
	at java.util.stream.AbstractPipeline.copyIntoWithCancel(Unknown Source)
	at java.util.stream.AbstractPipeline.copyInto(Unknown Source)
	at java.util.stream.AbstractPipeline.wrapAndCopyInto(Unknown Source)
	at java.util.stream.FindOps$FindOp.evaluateSequential(Unknown Source)
	at java.util.stream.AbstractPipeline.evaluate(Unknown Source)
	at java.util.stream.ReferencePipeline.findFirst(Unknown Source)
	at org.openqa.selenium.remote.ProtocolHandshake.createSession(ProtocolHandshake.java:126)
	at org.openqa.selenium.remote.ProtocolHandshake.createSession(ProtocolHandshake.java:73)
	at org.openqa.selenium.remote.HttpCommandExecutor.execute(HttpCommandExecutor.java:138)
	at org.openqa.selenium.remote.service.DriverCommandExecutor.execute(DriverCommandExecutor.java:83)
	at org.openqa.selenium.remote.RemoteWebDriver.execute(RemoteWebDriver.java:601)
	at org.openqa.selenium.remote.RemoteWebDriver.startSession(RemoteWebDriver.java:219)
	at org.openqa.selenium.remote.RemoteWebDriver.<init>(RemoteWebDriver.java:142)
	at org.openqa.selenium.chrome.ChromeDriver.<init>(ChromeDriver.java:181)
	at org.openqa.selenium.chrome.ChromeDriver.<init>(ChromeDriver.java:168)
	at org.openqa.selenium.chrome.ChromeDriver.<init>(ChromeDriver.java:123)
	at Test1.Test3.openapp9(Test3.java:30)
	at sun.reflect.NativeMethodAccessorImpl.invoke0(Native Method)
	at sun.reflect.NativeMethodAccessorImpl.invoke(Unknown Source)
	at sun.reflect.DelegatingMethodAccessorImpl.invoke(Unknown Source)
	at java.lang.reflect.Method.invoke(Unknown Source)
	at org.testng.internal.MethodInvocationHelper.invokeMethod(MethodInvocationHelper.java:84)
	at org.testng.internal.Invoker.invokeMethod(Invoker.java:714)
	at org.testng.internal.Invoker.invokeTestMethod(Invoker.java:901)
	at org.testng.internal.Invoker.invokeTestMethods(Invoker.java:1231)
	at org.testng.internal.TestMethodWorker.invokeTestMethods(TestMethodWorker.java:127)
	at org.testng.internal.TestMethodWorker.run(TestMethodWorker.java:111)
	at org.testng.TestRunner.privateRun(TestRunner.java:767)
	at org.testng.TestRunner.run(TestRunner.java:617)
	at org.testng.SuiteRunner.runTest(SuiteRunner.java:348)
	at org.testng.SuiteRunner.runSequentially(SuiteRunner.java:343)
	at org.testng.SuiteRunner.privateRun(SuiteRunner.java:305)
	at org.testng.SuiteRunner.run(SuiteRunner.java:254)
	at org.testng.SuiteRunnerWorker.runSuite(SuiteRunnerWorker.java:52)
	at org.testng.SuiteRunnerWorker.run(SuiteRunnerWorker.java:86)
	at org.testng.TestNG.runSuitesSequentially(TestNG.java:1224)
	at org.testng.TestNG.runSuitesLocally(TestNG.java:1149)
	at org.testng.TestNG.run(TestNG.java:1057)
	at org.testng.remote.RemoteTestNG.run(RemoteTestNG.java:115)
	at org.testng.remote.RemoteTestNG.initAndRun(RemoteTestNG.java:207)
	at org.testng.remote.RemoteTestNG.main(RemoteTestNG.java:178)
]]>
            </full-stacktrace>
          </exception> <!-- org.openqa.selenium.SessionNotCreatedException -->
          <reporter-output>
          </reporter-output>
        </test-method> <!-- openapp9 -->
      </class> <!-- Test1.Test3 -->
      <class name="Test1.Test1">
        <test-method status="PASS" signature="openapp1()[pri:0, instance:Test1.Test1@2b80d80f]" name="openapp1" duration-ms="5574" started-at="2020-04-26T16:20:08Z" finished-at="2020-04-26T16:20:13Z">
          <reporter-output>
          </reporter-output>
        </test-method> <!-- openapp1 -->
        <test-method status="FAIL" signature="openapp2()[pri:0, instance:Test1.Test1@2b80d80f]" name="openapp2" duration-ms="13770" started-at="2020-04-26T16:20:13Z" finished-at="2020-04-26T16:20:27Z">
          <exception class="org.openqa.selenium.SessionNotCreatedException">
            <message>
              <![CDATA[session not created
from chrome not reachable
  (Session info: chrome=81.0.4044.122)
Build info: version: '3.9.1', revision: '63f7b50', time: '2018-02-07T22:25:02.294Z'
System info: host: 'DESKTOP-E32EPOV', ip: '192.168.0.61', os.name: 'Windows 10', os.arch: 'amd64', os.version: '10.0', java.version: '1.8.0_151'
Driver info: driver.version: ChromeDriver
remote stacktrace: Backtrace:
	Ordinal0 [0x00B75F73+2449267]
	Ordinal0 [0x00AA8361+1606497]
	Ordinal0 [0x0099F812+522258]
	Ordinal0 [0x009995B2+497074]
	Ordinal0 [0x00999C9B+498843]
	Ordinal0 [0x0099ABF5+502773]
	Ordinal0 [0x00996724+485156]
	Ordinal0 [0x009A0600+525824]
	Ordinal0 [0x0094CBB9+183225]
	Ordinal0 [0x0094BF2D+180013]
	Ordinal0 [0x00949E5B+171611]
	Ordinal0 [0x00931DD8+73176]
	Ordinal0 [0x00932E50+77392]
	Ordinal0 [0x00932DE9+77289]
	Ordinal0 [0x00ABD8D7+1693911]
	GetHandleVerifier [0x00C14036+522726]
	GetHandleVerifier [0x00C13D74+522020]
	GetHandleVerifier [0x00C29187+609079]
	GetHandleVerifier [0x00C148A6+524886]
	Ordinal0 [0x00AB5CBC+1662140]
	Ordinal0 [0x00ABF23B+1700411]
	Ordinal0 [0x00ABF3A3+1700771]
	Ordinal0 [0x00AD5215+1790485]
	BaseThreadInitThunk [0x75046359+25]
	RtlGetAppContainerNamedObjectPath [0x77107C14+228]
	RtlGetAppContainerNamedObjectPath [0x77107BE4+180]
]]>
            </message>
            <full-stacktrace>
              <![CDATA[org.openqa.selenium.SessionNotCreatedException: session not created
from chrome not reachable
  (Session info: chrome=81.0.4044.122)
Build info: version: '3.9.1', revision: '63f7b50', time: '2018-02-07T22:25:02.294Z'
System info: host: 'DESKTOP-E32EPOV', ip: '192.168.0.61', os.name: 'Windows 10', os.arch: 'amd64', os.version: '10.0', java.version: '1.8.0_151'
Driver info: driver.version: ChromeDriver
remote stacktrace: Backtrace:
	Ordinal0 [0x00B75F73+2449267]
	Ordinal0 [0x00AA8361+1606497]
	Ordinal0 [0x0099F812+522258]
	Ordinal0 [0x009995B2+497074]
	Ordinal0 [0x00999C9B+498843]
	Ordinal0 [0x0099ABF5+502773]
	Ordinal0 [0x00996724+485156]
	Ordinal0 [0x009A0600+525824]
	Ordinal0 [0x0094CBB9+183225]
	Ordinal0 [0x0094BF2D+180013]
	Ordinal0 [0x00949E5B+171611]
	Ordinal0 [0x00931DD8+73176]
	Ordinal0 [0x00932E50+77392]
	Ordinal0 [0x00932DE9+77289]
	Ordinal0 [0x00ABD8D7+1693911]
	GetHandleVerifier [0x00C14036+522726]
	GetHandleVerifier [0x00C13D74+522020]
	GetHandleVerifier [0x00C29187+609079]
	GetHandleVerifier [0x00C148A6+524886]
	Ordinal0 [0x00AB5CBC+1662140]
	Ordinal0 [0x00ABF23B+1700411]
	Ordinal0 [0x00ABF3A3+1700771]
	Ordinal0 [0x00AD5215+1790485]
	BaseThreadInitThunk [0x75046359+25]
	RtlGetAppContainerNamedObjectPath [0x77107C14+228]
	RtlGetAppContainerNamedObjectPath [0x77107BE4+180]

	at sun.reflect.NativeConstructorAccessorImpl.newInstance0(Native Method)
	at sun.reflect.NativeConstructorAccessorImpl.newInstance(Unknown Source)
	at sun.reflect.DelegatingConstructorAccessorImpl.newInstance(Unknown Source)
	at java.lang.reflect.Constructor.newInstance(Unknown Source)
	at org.openqa.selenium.remote.W3CHandshakeResponse.lambda$new$0(W3CHandshakeResponse.java:57)
	at org.openqa.selenium.remote.W3CHandshakeResponse.lambda$getResponseFunction$2(W3CHandshakeResponse.java:104)
	at org.openqa.selenium.remote.ProtocolHandshake.lambda$createSession$0(ProtocolHandshake.java:123)
	at java.util.stream.ReferencePipeline$3$1.accept(Unknown Source)
	at java.util.Spliterators$ArraySpliterator.tryAdvance(Unknown Source)
	at java.util.stream.ReferencePipeline.forEachWithCancel(Unknown Source)
	at java.util.stream.AbstractPipeline.copyIntoWithCancel(Unknown Source)
	at java.util.stream.AbstractPipeline.copyInto(Unknown Source)
	at java.util.stream.AbstractPipeline.wrapAndCopyInto(Unknown Source)
	at java.util.stream.FindOps$FindOp.evaluateSequential(Unknown Source)
	at java.util.stream.AbstractPipeline.evaluate(Unknown Source)
	at java.util.stream.ReferencePipeline.findFirst(Unknown Source)
	at org.openqa.selenium.remote.ProtocolHandshake.createSession(ProtocolHandshake.java:126)
	at org.openqa.selenium.remote.ProtocolHandshake.createSession(ProtocolHandshake.java:73)
	at org.openqa.selenium.remote.HttpCommandExecutor.execute(HttpCommandExecutor.java:138)
	at org.openqa.selenium.remote.service.DriverCommandExecutor.execute(DriverCommandExecutor.java:83)
	at org.openqa.selenium.remote.RemoteWebDriver.execute(RemoteWebDriver.java:601)
	at org.openqa.selenium.remote.RemoteWebDriver.startSession(RemoteWebDriver.java:219)
	at org.openqa.selenium.remote.RemoteWebDriver.<init>(RemoteWebDriver.java:142)
	at org.openqa.selenium.chrome.ChromeDriver.<init>(ChromeDriver.java:181)
	at org.openqa.selenium.chrome.ChromeDriver.<init>(ChromeDriver.java:168)
	at org.openqa.selenium.chrome.ChromeDriver.<init>(ChromeDriver.java:123)
	at Test1.Test1.openapp2(Test1.java:26)
	at sun.reflect.NativeMethodAccessorImpl.invoke0(Native Method)
	at sun.reflect.NativeMethodAccessorImpl.invoke(Unknown Source)
	at sun.reflect.DelegatingMethodAccessorImpl.invoke(Unknown Source)
	at java.lang.reflect.Method.invoke(Unknown Source)
	at org.testng.internal.MethodInvocationHelper.invokeMethod(MethodInvocationHelper.java:84)
	at org.testng.internal.Invoker.invokeMethod(Invoker.java:714)
	at org.testng.internal.Invoker.invokeTestMethod(Invoker.java:901)
	at org.testng.internal.Invoker.invokeTestMethods(Invoker.java:1231)
	at org.testng.internal.TestMethodWorker.invokeTestMethods(TestMethodWorker.java:127)
	at org.testng.internal.TestMethodWorker.run(TestMethodWorker.java:111)
	at org.testng.TestRunner.privateRun(TestRunner.java:767)
	at org.testng.TestRunner.run(TestRunner.java:617)
	at org.testng.SuiteRunner.runTest(SuiteRunner.java:348)
	at org.testng.SuiteRunner.runSequentially(SuiteRunner.java:343)
	at org.testng.SuiteRunner.privateRun(SuiteRunner.java:305)
	at org.testng.SuiteRunner.run(SuiteRunner.java:254)
	at org.testng.SuiteRunnerWorker.runSuite(SuiteRunnerWorker.java:52)
	at org.testng.SuiteRunnerWorker.run(SuiteRunnerWorker.java:86)
	at org.testng.TestNG.runSuitesSequentially(TestNG.java:1224)
	at org.testng.TestNG.runSuitesLocally(TestNG.java:1149)
	at org.testng.TestNG.run(TestNG.java:1057)
	at org.testng.remote.RemoteTestNG.run(RemoteTestNG.java:115)
	at org.testng.remote.RemoteTestNG.initAndRun(RemoteTestNG.java:207)
	at org.testng.remote.RemoteTestNG.main(RemoteTestNG.java:178)
]]>
            </full-stacktrace>
          </exception> <!-- org.openqa.selenium.SessionNotCreatedException -->
          <reporter-output>
          </reporter-output>
        </test-method> <!-- openapp2 -->
        <test-method status="FAIL" signature="openapp3()[pri:0, instance:Test1.Test1@2b80d80f]" name="openapp3" duration-ms="3953" started-at="2020-04-26T16:20:27Z" finished-at="2020-04-26T16:20:31Z">
          <exception class="org.openqa.selenium.SessionNotCreatedException">
            <message>
              <![CDATA[session not created
from no such window: window was already closed
  (Session info: chrome=81.0.4044.122)
Build info: version: '3.9.1', revision: '63f7b50', time: '2018-02-07T22:25:02.294Z'
System info: host: 'DESKTOP-E32EPOV', ip: '192.168.0.61', os.name: 'Windows 10', os.arch: 'amd64', os.version: '10.0', java.version: '1.8.0_151'
Driver info: driver.version: ChromeDriver
remote stacktrace: Backtrace:
	Ordinal0 [0x00B75F73+2449267]
	Ordinal0 [0x00AA8361+1606497]
	Ordinal0 [0x0099F969+522601]
	Ordinal0 [0x0099A151+500049]
	Ordinal0 [0x0099ABF5+502773]
	Ordinal0 [0x00996724+485156]
	Ordinal0 [0x009A0600+525824]
	Ordinal0 [0x0094CBB9+183225]
	Ordinal0 [0x0094BF2D+180013]
	Ordinal0 [0x00949E5B+171611]
	Ordinal0 [0x00931DD8+73176]
	Ordinal0 [0x00932E50+77392]
	Ordinal0 [0x00932DE9+77289]
	Ordinal0 [0x00ABD8D7+1693911]
	GetHandleVerifier [0x00C14036+522726]
	GetHandleVerifier [0x00C13D74+522020]
	GetHandleVerifier [0x00C29187+609079]
	GetHandleVerifier [0x00C148A6+524886]
	Ordinal0 [0x00AB5CBC+1662140]
	Ordinal0 [0x00ABF23B+1700411]
	Ordinal0 [0x00ABF3A3+1700771]
	Ordinal0 [0x00AD5215+1790485]
	BaseThreadInitThunk [0x75046359+25]
	RtlGetAppContainerNamedObjectPath [0x77107C14+228]
	RtlGetAppContainerNamedObjectPath [0x77107BE4+180]
]]>
            </message>
            <full-stacktrace>
              <![CDATA[org.openqa.selenium.SessionNotCreatedException: session not created
from no such window: window was already closed
  (Session info: chrome=81.0.4044.122)
Build info: version: '3.9.1', revision: '63f7b50', time: '2018-02-07T22:25:02.294Z'
System info: host: 'DESKTOP-E32EPOV', ip: '192.168.0.61', os.name: 'Windows 10', os.arch: 'amd64', os.version: '10.0', java.version: '1.8.0_151'
Driver info: driver.version: ChromeDriver
remote stacktrace: Backtrace:
	Ordinal0 [0x00B75F73+2449267]
	Ordinal0 [0x00AA8361+1606497]
	Ordinal0 [0x0099F969+522601]
	Ordinal0 [0x0099A151+500049]
	Ordinal0 [0x0099ABF5+502773]
	Ordinal0 [0x00996724+485156]
	Ordinal0 [0x009A0600+525824]
	Ordinal0 [0x0094CBB9+183225]
	Ordinal0 [0x0094BF2D+180013]
	Ordinal0 [0x00949E5B+171611]
	Ordinal0 [0x00931DD8+73176]
	Ordinal0 [0x00932E50+77392]
	Ordinal0 [0x00932DE9+77289]
	Ordinal0 [0x00ABD8D7+1693911]
	GetHandleVerifier [0x00C14036+522726]
	GetHandleVerifier [0x00C13D74+522020]
	GetHandleVerifier [0x00C29187+609079]
	GetHandleVerifier [0x00C148A6+524886]
	Ordinal0 [0x00AB5CBC+1662140]
	Ordinal0 [0x00ABF23B+1700411]
	Ordinal0 [0x00ABF3A3+1700771]
	Ordinal0 [0x00AD5215+1790485]
	BaseThreadInitThunk [0x75046359+25]
	RtlGetAppContainerNamedObjectPath [0x77107C14+228]
	RtlGetAppContainerNamedObjectPath [0x77107BE4+180]

	at sun.reflect.NativeConstructorAccessorImpl.newInstance0(Native Method)
	at sun.reflect.NativeConstructorAccessorImpl.newInstance(Unknown Source)
	at sun.reflect.DelegatingConstructorAccessorImpl.newInstance(Unknown Source)
	at java.lang.reflect.Constructor.newInstance(Unknown Source)
	at org.openqa.selenium.remote.W3CHandshakeResponse.lambda$new$0(W3CHandshakeResponse.java:57)
	at org.openqa.selenium.remote.W3CHandshakeResponse.lambda$getResponseFunction$2(W3CHandshakeResponse.java:104)
	at org.openqa.selenium.remote.ProtocolHandshake.lambda$createSession$0(ProtocolHandshake.java:123)
	at java.util.stream.ReferencePipeline$3$1.accept(Unknown Source)
	at java.util.Spliterators$ArraySpliterator.tryAdvance(Unknown Source)
	at java.util.stream.ReferencePipeline.forEachWithCancel(Unknown Source)
	at java.util.stream.AbstractPipeline.copyIntoWithCancel(Unknown Source)
	at java.util.stream.AbstractPipeline.copyInto(Unknown Source)
	at java.util.stream.AbstractPipeline.wrapAndCopyInto(Unknown Source)
	at java.util.stream.FindOps$FindOp.evaluateSequential(Unknown Source)
	at java.util.stream.AbstractPipeline.evaluate(Unknown Source)
	at java.util.stream.ReferencePipeline.findFirst(Unknown Source)
	at org.openqa.selenium.remote.ProtocolHandshake.createSession(ProtocolHandshake.java:126)
	at org.openqa.selenium.remote.ProtocolHandshake.createSession(ProtocolHandshake.java:73)
	at org.openqa.selenium.remote.HttpCommandExecutor.execute(HttpCommandExecutor.java:138)
	at org.openqa.selenium.remote.service.DriverCommandExecutor.execute(DriverCommandExecutor.java:83)
	at org.openqa.selenium.remote.RemoteWebDriver.execute(RemoteWebDriver.java:601)
	at org.openqa.selenium.remote.RemoteWebDriver.startSession(RemoteWebDriver.java:219)
	at org.openqa.selenium.remote.RemoteWebDriver.<init>(RemoteWebDriver.java:142)
	at org.openqa.selenium.chrome.ChromeDriver.<init>(ChromeDriver.java:181)
	at org.openqa.selenium.chrome.ChromeDriver.<init>(ChromeDriver.java:168)
	at org.openqa.selenium.chrome.ChromeDriver.<init>(ChromeDriver.java:123)
	at Test1.Test1.openapp3(Test1.java:35)
	at sun.reflect.NativeMethodAccessorImpl.invoke0(Native Method)
	at sun.reflect.NativeMethodAccessorImpl.invoke(Unknown Source)
	at sun.reflect.DelegatingMethodAccessorImpl.invoke(Unknown Source)
	at java.lang.reflect.Method.invoke(Unknown Source)
	at org.testng.internal.MethodInvocationHelper.invokeMethod(MethodInvocationHelper.java:84)
	at org.testng.internal.Invoker.invokeMethod(Invoker.java:714)
	at org.testng.internal.Invoker.invokeTestMethod(Invoker.java:901)
	at org.testng.internal.Invoker.invokeTestMethods(Invoker.java:1231)
	at org.testng.internal.TestMethodWorker.invokeTestMethods(TestMethodWorker.java:127)
	at org.testng.internal.TestMethodWorker.run(TestMethodWorker.java:111)
	at org.testng.TestRunner.privateRun(TestRunner.java:767)
	at org.testng.TestRunner.run(TestRunner.java:617)
	at org.testng.SuiteRunner.runTest(SuiteRunner.java:348)
	at org.testng.SuiteRunner.runSequentially(SuiteRunner.java:343)
	at org.testng.SuiteRunner.privateRun(SuiteRunner.java:305)
	at org.testng.SuiteRunner.run(SuiteRunner.java:254)
	at org.testng.SuiteRunnerWorker.runSuite(SuiteRunnerWorker.java:52)
	at org.testng.SuiteRunnerWorker.run(SuiteRunnerWorker.java:86)
	at org.testng.TestNG.runSuitesSequentially(TestNG.java:1224)
	at org.testng.TestNG.runSuitesLocally(TestNG.java:1149)
	at org.testng.TestNG.run(TestNG.java:1057)
	at org.testng.remote.RemoteTestNG.run(RemoteTestNG.java:115)
	at org.testng.remote.RemoteTestNG.initAndRun(RemoteTestNG.java:207)
	at org.testng.remote.RemoteTestNG.main(RemoteTestNG.java:178)
]]>
            </full-stacktrace>
          </exception> <!-- org.openqa.selenium.SessionNotCreatedException -->
          <reporter-output>
          </reporter-output>
        </test-method> <!-- openapp3 -->
      </class> <!-- Test1.Test1 -->
      <class name="Test1.Test2">
        <test-method status="FAIL" signature="openapp4()[pri:0, instance:Test1.Test2@d7b1517]" name="openapp4" duration-ms="13587" started-at="2020-04-26T16:20:31Z" finished-at="2020-04-26T16:20:45Z">
          <exception class="org.openqa.selenium.SessionNotCreatedException">
            <message>
              <![CDATA[session not created
from chrome not reachable
  (Session info: chrome=81.0.4044.122)
Build info: version: '3.9.1', revision: '63f7b50', time: '2018-02-07T22:25:02.294Z'
System info: host: 'DESKTOP-E32EPOV', ip: '192.168.0.61', os.name: 'Windows 10', os.arch: 'amd64', os.version: '10.0', java.version: '1.8.0_151'
Driver info: driver.version: ChromeDriver
remote stacktrace: Backtrace:
	Ordinal0 [0x00B75F73+2449267]
	Ordinal0 [0x00AA8361+1606497]
	Ordinal0 [0x0099F812+522258]
	Ordinal0 [0x009995B2+497074]
	Ordinal0 [0x00999C9B+498843]
	Ordinal0 [0x0099ABF5+502773]
	Ordinal0 [0x00996724+485156]
	Ordinal0 [0x009A0600+525824]
	Ordinal0 [0x0094CBB9+183225]
	Ordinal0 [0x0094BF2D+180013]
	Ordinal0 [0x00949E5B+171611]
	Ordinal0 [0x00931DD8+73176]
	Ordinal0 [0x00932E50+77392]
	Ordinal0 [0x00932DE9+77289]
	Ordinal0 [0x00ABD8D7+1693911]
	GetHandleVerifier [0x00C14036+522726]
	GetHandleVerifier [0x00C13D74+522020]
	GetHandleVerifier [0x00C29187+609079]
	GetHandleVerifier [0x00C148A6+524886]
	Ordinal0 [0x00AB5CBC+1662140]
	Ordinal0 [0x00ABF23B+1700411]
	Ordinal0 [0x00ABF3A3+1700771]
	Ordinal0 [0x00AD5215+1790485]
	BaseThreadInitThunk [0x75046359+25]
	RtlGetAppContainerNamedObjectPath [0x77107C14+228]
	RtlGetAppContainerNamedObjectPath [0x77107BE4+180]
]]>
            </message>
            <full-stacktrace>
              <![CDATA[org.openqa.selenium.SessionNotCreatedException: session not created
from chrome not reachable
  (Session info: chrome=81.0.4044.122)
Build info: version: '3.9.1', revision: '63f7b50', time: '2018-02-07T22:25:02.294Z'
System info: host: 'DESKTOP-E32EPOV', ip: '192.168.0.61', os.name: 'Windows 10', os.arch: 'amd64', os.version: '10.0', java.version: '1.8.0_151'
Driver info: driver.version: ChromeDriver
remote stacktrace: Backtrace:
	Ordinal0 [0x00B75F73+2449267]
	Ordinal0 [0x00AA8361+1606497]
	Ordinal0 [0x0099F812+522258]
	Ordinal0 [0x009995B2+497074]
	Ordinal0 [0x00999C9B+498843]
	Ordinal0 [0x0099ABF5+502773]
	Ordinal0 [0x00996724+485156]
	Ordinal0 [0x009A0600+525824]
	Ordinal0 [0x0094CBB9+183225]
	Ordinal0 [0x0094BF2D+180013]
	Ordinal0 [0x00949E5B+171611]
	Ordinal0 [0x00931DD8+73176]
	Ordinal0 [0x00932E50+77392]
	Ordinal0 [0x00932DE9+77289]
	Ordinal0 [0x00ABD8D7+1693911]
	GetHandleVerifier [0x00C14036+522726]
	GetHandleVerifier [0x00C13D74+522020]
	GetHandleVerifier [0x00C29187+609079]
	GetHandleVerifier [0x00C148A6+524886]
	Ordinal0 [0x00AB5CBC+1662140]
	Ordinal0 [0x00ABF23B+1700411]
	Ordinal0 [0x00ABF3A3+1700771]
	Ordinal0 [0x00AD5215+1790485]
	BaseThreadInitThunk [0x75046359+25]
	RtlGetAppContainerNamedObjectPath [0x77107C14+228]
	RtlGetAppContainerNamedObjectPath [0x77107BE4+180]

	at sun.reflect.NativeConstructorAccessorImpl.newInstance0(Native Method)
	at sun.reflect.NativeConstructorAccessorImpl.newInstance(Unknown Source)
	at sun.reflect.DelegatingConstructorAccessorImpl.newInstance(Unknown Source)
	at java.lang.reflect.Constructor.newInstance(Unknown Source)
	at org.openqa.selenium.remote.W3CHandshakeResponse.lambda$new$0(W3CHandshakeResponse.java:57)
	at org.openqa.selenium.remote.W3CHandshakeResponse.lambda$getResponseFunction$2(W3CHandshakeResponse.java:104)
	at org.openqa.selenium.remote.ProtocolHandshake.lambda$createSession$0(ProtocolHandshake.java:123)
	at java.util.stream.ReferencePipeline$3$1.accept(Unknown Source)
	at java.util.Spliterators$ArraySpliterator.tryAdvance(Unknown Source)
	at java.util.stream.ReferencePipeline.forEachWithCancel(Unknown Source)
	at java.util.stream.AbstractPipeline.copyIntoWithCancel(Unknown Source)
	at java.util.stream.AbstractPipeline.copyInto(Unknown Source)
	at java.util.stream.AbstractPipeline.wrapAndCopyInto(Unknown Source)
	at java.util.stream.FindOps$FindOp.evaluateSequential(Unknown Source)
	at java.util.stream.AbstractPipeline.evaluate(Unknown Source)
	at java.util.stream.ReferencePipeline.findFirst(Unknown Source)
	at org.openqa.selenium.remote.ProtocolHandshake.createSession(ProtocolHandshake.java:126)
	at org.openqa.selenium.remote.ProtocolHandshake.createSession(ProtocolHandshake.java:73)
	at org.openqa.selenium.remote.HttpCommandExecutor.execute(HttpCommandExecutor.java:138)
	at org.openqa.selenium.remote.service.DriverCommandExecutor.execute(DriverCommandExecutor.java:83)
	at org.openqa.selenium.remote.RemoteWebDriver.execute(RemoteWebDriver.java:601)
	at org.openqa.selenium.remote.RemoteWebDriver.startSession(RemoteWebDriver.java:219)
	at org.openqa.selenium.remote.RemoteWebDriver.<init>(RemoteWebDriver.java:142)
	at org.openqa.selenium.chrome.ChromeDriver.<init>(ChromeDriver.java:181)
	at org.openqa.selenium.chrome.ChromeDriver.<init>(ChromeDriver.java:168)
	at org.openqa.selenium.chrome.ChromeDriver.<init>(ChromeDriver.java:123)
	at Test1.Test2.openapp4(Test2.java:18)
	at sun.reflect.NativeMethodAccessorImpl.invoke0(Native Method)
	at sun.reflect.NativeMethodAccessorImpl.invoke(Unknown Source)
	at sun.reflect.DelegatingMethodAccessorImpl.invoke(Unknown Source)
	at java.lang.reflect.Method.invoke(Unknown Source)
	at org.testng.internal.MethodInvocationHelper.invokeMethod(MethodInvocationHelper.java:84)
	at org.testng.internal.Invoker.invokeMethod(Invoker.java:714)
	at org.testng.internal.Invoker.invokeTestMethod(Invoker.java:901)
	at org.testng.internal.Invoker.invokeTestMethods(Invoker.java:1231)
	at org.testng.internal.TestMethodWorker.invokeTestMethods(TestMethodWorker.java:127)
	at org.testng.internal.TestMethodWorker.run(TestMethodWorker.java:111)
	at org.testng.TestRunner.privateRun(TestRunner.java:767)
	at org.testng.TestRunner.run(TestRunner.java:617)
	at org.testng.SuiteRunner.runTest(SuiteRunner.java:348)
	at org.testng.SuiteRunner.runSequentially(SuiteRunner.java:343)
	at org.testng.SuiteRunner.privateRun(SuiteRunner.java:305)
	at org.testng.SuiteRunner.run(SuiteRunner.java:254)
	at org.testng.SuiteRunnerWorker.runSuite(SuiteRunnerWorker.java:52)
	at org.testng.SuiteRunnerWorker.run(SuiteRunnerWorker.java:86)
	at org.testng.TestNG.runSuitesSequentially(TestNG.java:1224)
	at org.testng.TestNG.runSuitesLocally(TestNG.java:1149)
	at org.testng.TestNG.run(TestNG.java:1057)
	at org.testng.remote.RemoteTestNG.run(RemoteTestNG.java:115)
	at org.testng.remote.RemoteTestNG.initAndRun(RemoteTestNG.java:207)
	at org.testng.remote.RemoteTestNG.main(RemoteTestNG.java:178)
]]>
            </full-stacktrace>
          </exception> <!-- org.openqa.selenium.SessionNotCreatedException -->
          <reporter-output>
          </reporter-output>
        </test-method> <!-- openapp4 -->
        <test-method status="FAIL" signature="openapp5()[pri:0, instance:Test1.Test2@d7b1517]" name="openapp5" duration-ms="3732" started-at="2020-04-26T16:20:45Z" finished-at="2020-04-26T16:20:48Z">
          <exception class="org.openqa.selenium.WebDriverException">
            <message>
              <![CDATA[unknown error: cannot determine loading status
from disconnected: received Inspector.detached event
  (Session info: chrome=81.0.4044.122)
Build info: version: '3.9.1', revision: '63f7b50', time: '2018-02-07T22:25:02.294Z'
System info: host: 'DESKTOP-E32EPOV', ip: '192.168.0.61', os.name: 'Windows 10', os.arch: 'amd64', os.version: '10.0', java.version: '1.8.0_151'
Driver info: org.openqa.selenium.chrome.ChromeDriver
Capabilities {acceptInsecureCerts: false, browserName: chrome, browserVersion: 81.0.4044.122, chrome: {chromedriverVersion: 81.0.4044.69 (6813546031a4b..., userDataDir: C:\Users\User\AppData\Local...}, goog:chromeOptions: {debuggerAddress: localhost:49874}, javascriptEnabled: true, networkConnectionEnabled: false, pageLoadStrategy: normal, platform: WINDOWS, platformName: WINDOWS, proxy: Proxy(), setWindowRect: true, strictFileInteractability: false, timeouts: {implicit: 0, pageLoad: 300000, script: 30000}, unhandledPromptBehavior: dismiss and notify, webauthn:virtualAuthenticators: true}
Session ID: 1f26bd7704609cc670ac51b21aa8ec1d]]>
            </message>
            <full-stacktrace>
              <![CDATA[org.openqa.selenium.WebDriverException: unknown error: cannot determine loading status
from disconnected: received Inspector.detached event
  (Session info: chrome=81.0.4044.122)
Build info: version: '3.9.1', revision: '63f7b50', time: '2018-02-07T22:25:02.294Z'
System info: host: 'DESKTOP-E32EPOV', ip: '192.168.0.61', os.name: 'Windows 10', os.arch: 'amd64', os.version: '10.0', java.version: '1.8.0_151'
Driver info: org.openqa.selenium.chrome.ChromeDriver
Capabilities {acceptInsecureCerts: false, browserName: chrome, browserVersion: 81.0.4044.122, chrome: {chromedriverVersion: 81.0.4044.69 (6813546031a4b..., userDataDir: C:\Users\User\AppData\Local...}, goog:chromeOptions: {debuggerAddress: localhost:49874}, javascriptEnabled: true, networkConnectionEnabled: false, pageLoadStrategy: normal, platform: WINDOWS, platformName: WINDOWS, proxy: Proxy(), setWindowRect: true, strictFileInteractability: false, timeouts: {implicit: 0, pageLoad: 300000, script: 30000}, unhandledPromptBehavior: dismiss and notify, webauthn:virtualAuthenticators: true}
Session ID: 1f26bd7704609cc670ac51b21aa8ec1d
	at sun.reflect.NativeConstructorAccessorImpl.newInstance0(Native Method)
	at sun.reflect.NativeConstructorAccessorImpl.newInstance(Unknown Source)
	at sun.reflect.DelegatingConstructorAccessorImpl.newInstance(Unknown Source)
	at java.lang.reflect.Constructor.newInstance(Unknown Source)
	at org.openqa.selenium.remote.http.W3CHttpResponseCodec.createException(W3CHttpResponseCodec.java:187)
	at org.openqa.selenium.remote.http.W3CHttpResponseCodec.decode(W3CHttpResponseCodec.java:122)
	at org.openqa.selenium.remote.http.W3CHttpResponseCodec.decode(W3CHttpResponseCodec.java:49)
	at org.openqa.selenium.remote.HttpCommandExecutor.execute(HttpCommandExecutor.java:160)
	at org.openqa.selenium.remote.service.DriverCommandExecutor.execute(DriverCommandExecutor.java:83)
	at org.openqa.selenium.remote.RemoteWebDriver.execute(RemoteWebDriver.java:601)
	at org.openqa.selenium.remote.RemoteWebDriver.get(RemoteWebDriver.java:325)
	at Test1.Test2.openapp5(Test2.java:29)
	at sun.reflect.NativeMethodAccessorImpl.invoke0(Native Method)
	at sun.reflect.NativeMethodAccessorImpl.invoke(Unknown Source)
	at sun.reflect.DelegatingMethodAccessorImpl.invoke(Unknown Source)
	at java.lang.reflect.Method.invoke(Unknown Source)
	at org.testng.internal.MethodInvocationHelper.invokeMethod(MethodInvocationHelper.java:84)
	at org.testng.internal.Invoker.invokeMethod(Invoker.java:714)
	at org.testng.internal.Invoker.invokeTestMethod(Invoker.java:901)
	at org.testng.internal.Invoker.invokeTestMethods(Invoker.java:1231)
	at org.testng.internal.TestMethodWorker.invokeTestMethods(TestMethodWorker.java:127)
	at org.testng.internal.TestMethodWorker.run(TestMethodWorker.java:111)
	at org.testng.TestRunner.privateRun(TestRunner.java:767)
	at org.testng.TestRunner.run(TestRunner.java:617)
	at org.testng.SuiteRunner.runTest(SuiteRunner.java:348)
	at org.testng.SuiteRunner.runSequentially(SuiteRunner.java:343)
	at org.testng.SuiteRunner.privateRun(SuiteRunner.java:305)
	at org.testng.SuiteRunner.run(SuiteRunner.java:254)
	at org.testng.SuiteRunnerWorker.runSuite(SuiteRunnerWorker.java:52)
	at org.testng.SuiteRunnerWorker.run(SuiteRunnerWorker.java:86)
	at org.testng.TestNG.runSuitesSequentially(TestNG.java:1224)
	at org.testng.TestNG.runSuitesLocally(TestNG.java:1149)
	at org.testng.TestNG.run(TestNG.java:1057)
	at org.testng.remote.RemoteTestNG.run(RemoteTestNG.java:115)
	at org.testng.remote.RemoteTestNG.initAndRun(RemoteTestNG.java:207)
	at org.testng.remote.RemoteTestNG.main(RemoteTestNG.java:178)
]]>
            </full-stacktrace>
          </exception> <!-- org.openqa.selenium.WebDriverException -->
          <reporter-output>
          </reporter-output>
        </test-method> <!-- openapp5 -->
        <test-method status="FAIL" signature="openapp6()[pri:0, instance:Test1.Test2@d7b1517]" name="openapp6" duration-ms="13679" started-at="2020-04-26T16:20:48Z" finished-at="2020-04-26T16:21:02Z">
          <exception class="org.openqa.selenium.SessionNotCreatedException">
            <message>
              <![CDATA[session not created
from chrome not reachable
  (Session info: chrome=81.0.4044.122)
Build info: version: '3.9.1', revision: '63f7b50', time: '2018-02-07T22:25:02.294Z'
System info: host: 'DESKTOP-E32EPOV', ip: '192.168.0.61', os.name: 'Windows 10', os.arch: 'amd64', os.version: '10.0', java.version: '1.8.0_151'
Driver info: driver.version: ChromeDriver
remote stacktrace: Backtrace:
	Ordinal0 [0x00B75F73+2449267]
	Ordinal0 [0x00AA8361+1606497]
	Ordinal0 [0x0099F812+522258]
	Ordinal0 [0x009995B2+497074]
	Ordinal0 [0x00999C9B+498843]
	Ordinal0 [0x0099ABF5+502773]
	Ordinal0 [0x00996724+485156]
	Ordinal0 [0x009A0600+525824]
	Ordinal0 [0x0094CBB9+183225]
	Ordinal0 [0x0094BF2D+180013]
	Ordinal0 [0x00949E5B+171611]
	Ordinal0 [0x00931DD8+73176]
	Ordinal0 [0x00932E50+77392]
	Ordinal0 [0x00932DE9+77289]
	Ordinal0 [0x00ABD8D7+1693911]
	GetHandleVerifier [0x00C14036+522726]
	GetHandleVerifier [0x00C13D74+522020]
	GetHandleVerifier [0x00C29187+609079]
	GetHandleVerifier [0x00C148A6+524886]
	Ordinal0 [0x00AB5CBC+1662140]
	Ordinal0 [0x00ABF23B+1700411]
	Ordinal0 [0x00ABF3A3+1700771]
	Ordinal0 [0x00AD5215+1790485]
	BaseThreadInitThunk [0x75046359+25]
	RtlGetAppContainerNamedObjectPath [0x77107C14+228]
	RtlGetAppContainerNamedObjectPath [0x77107BE4+180]
]]>
            </message>
            <full-stacktrace>
              <![CDATA[org.openqa.selenium.SessionNotCreatedException: session not created
from chrome not reachable
  (Session info: chrome=81.0.4044.122)
Build info: version: '3.9.1', revision: '63f7b50', time: '2018-02-07T22:25:02.294Z'
System info: host: 'DESKTOP-E32EPOV', ip: '192.168.0.61', os.name: 'Windows 10', os.arch: 'amd64', os.version: '10.0', java.version: '1.8.0_151'
Driver info: driver.version: ChromeDriver
remote stacktrace: Backtrace:
	Ordinal0 [0x00B75F73+2449267]
	Ordinal0 [0x00AA8361+1606497]
	Ordinal0 [0x0099F812+522258]
	Ordinal0 [0x009995B2+497074]
	Ordinal0 [0x00999C9B+498843]
	Ordinal0 [0x0099ABF5+502773]
	Ordinal0 [0x00996724+485156]
	Ordinal0 [0x009A0600+525824]
	Ordinal0 [0x0094CBB9+183225]
	Ordinal0 [0x0094BF2D+180013]
	Ordinal0 [0x00949E5B+171611]
	Ordinal0 [0x00931DD8+73176]
	Ordinal0 [0x00932E50+77392]
	Ordinal0 [0x00932DE9+77289]
	Ordinal0 [0x00ABD8D7+1693911]
	GetHandleVerifier [0x00C14036+522726]
	GetHandleVerifier [0x00C13D74+522020]
	GetHandleVerifier [0x00C29187+609079]
	GetHandleVerifier [0x00C148A6+524886]
	Ordinal0 [0x00AB5CBC+1662140]
	Ordinal0 [0x00ABF23B+1700411]
	Ordinal0 [0x00ABF3A3+1700771]
	Ordinal0 [0x00AD5215+1790485]
	BaseThreadInitThunk [0x75046359+25]
	RtlGetAppContainerNamedObjectPath [0x77107C14+228]
	RtlGetAppContainerNamedObjectPath [0x77107BE4+180]

	at sun.reflect.NativeConstructorAccessorImpl.newInstance0(Native Method)
	at sun.reflect.NativeConstructorAccessorImpl.newInstance(Unknown Source)
	at sun.reflect.DelegatingConstructorAccessorImpl.newInstance(Unknown Source)
	at java.lang.reflect.Constructor.newInstance(Unknown Source)
	at org.openqa.selenium.remote.W3CHandshakeResponse.lambda$new$0(W3CHandshakeResponse.java:57)
	at org.openqa.selenium.remote.W3CHandshakeResponse.lambda$getResponseFunction$2(W3CHandshakeResponse.java:104)
	at org.openqa.selenium.remote.ProtocolHandshake.lambda$createSession$0(ProtocolHandshake.java:123)
	at java.util.stream.ReferencePipeline$3$1.accept(Unknown Source)
	at java.util.Spliterators$ArraySpliterator.tryAdvance(Unknown Source)
	at java.util.stream.ReferencePipeline.forEachWithCancel(Unknown Source)
	at java.util.stream.AbstractPipeline.copyIntoWithCancel(Unknown Source)
	at java.util.stream.AbstractPipeline.copyInto(Unknown Source)
	at java.util.stream.AbstractPipeline.wrapAndCopyInto(Unknown Source)
	at java.util.stream.FindOps$FindOp.evaluateSequential(Unknown Source)
	at java.util.stream.AbstractPipeline.evaluate(Unknown Source)
	at java.util.stream.ReferencePipeline.findFirst(Unknown Source)
	at org.openqa.selenium.remote.ProtocolHandshake.createSession(ProtocolHandshake.java:126)
	at org.openqa.selenium.remote.ProtocolHandshake.createSession(ProtocolHandshake.java:73)
	at org.openqa.selenium.remote.HttpCommandExecutor.execute(HttpCommandExecutor.java:138)
	at org.openqa.selenium.remote.service.DriverCommandExecutor.execute(DriverCommandExecutor.java:83)
	at org.openqa.selenium.remote.RemoteWebDriver.execute(RemoteWebDriver.java:601)
	at org.openqa.selenium.remote.RemoteWebDriver.startSession(RemoteWebDriver.java:219)
	at org.openqa.selenium.remote.RemoteWebDriver.<init>(RemoteWebDriver.java:142)
	at org.openqa.selenium.chrome.ChromeDriver.<init>(ChromeDriver.java:181)
	at org.openqa.selenium.chrome.ChromeDriver.<init>(ChromeDriver.java:168)
	at org.openqa.selenium.chrome.ChromeDriver.<init>(ChromeDriver.java:123)
	at Test1.Test2.openapp6(Test2.java:37)
	at sun.reflect.NativeMethodAccessorImpl.invoke0(Native Method)
	at sun.reflect.NativeMethodAccessorImpl.invoke(Unknown Source)
	at sun.reflect.DelegatingMethodAccessorImpl.invoke(Unknown Source)
	at java.lang.reflect.Method.invoke(Unknown Source)
	at org.testng.internal.MethodInvocationHelper.invokeMethod(MethodInvocationHelper.java:84)
	at org.testng.internal.Invoker.invokeMethod(Invoker.java:714)
	at org.testng.internal.Invoker.invokeTestMethod(Invoker.java:901)
	at org.testng.internal.Invoker.invokeTestMethods(Invoker.java:1231)
	at org.testng.internal.TestMethodWorker.invokeTestMethods(TestMethodWorker.java:127)
	at org.testng.internal.TestMethodWorker.run(TestMethodWorker.java:111)
	at org.testng.TestRunner.privateRun(TestRunner.java:767)
	at org.testng.TestRunner.run(TestRunner.java:617)
	at org.testng.SuiteRunner.runTest(SuiteRunner.java:348)
	at org.testng.SuiteRunner.runSequentially(SuiteRunner.java:343)
	at org.testng.SuiteRunner.privateRun(SuiteRunner.java:305)
	at org.testng.SuiteRunner.run(SuiteRunner.java:254)
	at org.testng.SuiteRunnerWorker.runSuite(SuiteRunnerWorker.java:52)
	at org.testng.SuiteRunnerWorker.run(SuiteRunnerWorker.java:86)
	at org.testng.TestNG.runSuitesSequentially(TestNG.java:1224)
	at org.testng.TestNG.runSuitesLocally(TestNG.java:1149)
	at org.testng.TestNG.run(TestNG.java:1057)
	at org.testng.remote.RemoteTestNG.run(RemoteTestNG.java:115)
	at org.testng.remote.RemoteTestNG.initAndRun(RemoteTestNG.java:207)
	at org.testng.remote.RemoteTestNG.main(RemoteTestNG.java:178)
]]>
            </full-stacktrace>
          </exception> <!-- org.openqa.selenium.SessionNotCreatedException -->
          <reporter-output>
          </reporter-output>
        </test-method> <!-- openapp6 -->
      </class> <!-- Test1.Test2 -->
    </test> <!-- Test -->
  </suite> <!-- Suite -->
</testng-results>
